-------------------------------------------------------------------------------
Test set: org.Norbert.lista5.SimpleRetrieverTest
-------------------------------------------------------------------------------
Tests run: 3, Failures: 0, Errors: 2, Skipped: 0, Time elapsed: 2.521 s <<< FAILURE! - in org.Norbert.lista5.SimpleRetrieverTest
gameRetrievalTest  Time elapsed: 2.492 s  <<< ERROR!
org.springframework.dao.DataAccessResourceFailureException: Error retrieving database metadata; nested exception is org.springframework.jdbc.support.MetaDataAccessException: Could not get Connection for extracting meta data; nested exception is org.springframework.jdbc.CannotGetJdbcConnectionException: Could not get JDBC Connection; nested exception is java.sql.SQLInvalidAuthorizationSpecException: Could not connect: Access denied for user 'admin'@'localhost' (using password: YES)
	at org.Norbert.lista5.SimpleRetrieverTest.gameRetrievalTest(SimpleRetrieverTest.java:29)
Caused by: org.springframework.jdbc.support.MetaDataAccessException: Could not get Connection for extracting meta data; nested exception is org.springframework.jdbc.CannotGetJdbcConnectionException: Could not get JDBC Connection; nested exception is java.sql.SQLInvalidAuthorizationSpecException: Could not connect: Access denied for user 'admin'@'localhost' (using password: YES)
	at org.Norbert.lista5.SimpleRetrieverTest.gameRetrievalTest(SimpleRetrieverTest.java:29)
Caused by: org.springframework.jdbc.CannotGetJdbcConnectionException: Could not get JDBC Connection; nested exception is java.sql.SQLInvalidAuthorizationSpecException: Could not connect: Access denied for user 'admin'@'localhost' (using password: YES)
	at org.Norbert.lista5.SimpleRetrieverTest.gameRetrievalTest(SimpleRetrieverTest.java:29)
Caused by: java.sql.SQLInvalidAuthorizationSpecException: Could not connect: Access denied for user 'admin'@'localhost' (using password: YES)
	at org.Norbert.lista5.SimpleRetrieverTest.gameRetrievalTest(SimpleRetrieverTest.java:29)
Caused by: org.mariadb.jdbc.internal.util.dao.QueryException: Could not connect: Access denied for user 'admin'@'localhost' (using password: YES)
	at org.Norbert.lista5.SimpleRetrieverTest.gameRetrievalTest(SimpleRetrieverTest.java:29)

listOfGamesRetrievalTest  Time elapsed: 0.029 s  <<< ERROR!
org.springframework.dao.DataAccessResourceFailureException: Error retrieving database metadata; nested exception is org.springframework.jdbc.support.MetaDataAccessException: Could not get Connection for extracting meta data; nested exception is org.springframework.jdbc.CannotGetJdbcConnectionException: Could not get JDBC Connection; nested exception is java.sql.SQLInvalidAuthorizationSpecException: Could not connect: Access denied for user 'admin'@'localhost' (using password: YES)
	at org.Norbert.lista5.SimpleRetrieverTest.listOfGamesRetrievalTest(SimpleRetrieverTest.java:19)
Caused by: org.springframework.jdbc.support.MetaDataAccessException: Could not get Connection for extracting meta data; nested exception is org.springframework.jdbc.CannotGetJdbcConnectionException: Could not get JDBC Connection; nested exception is java.sql.SQLInvalidAuthorizationSpecException: Could not connect: Access denied for user 'admin'@'localhost' (using password: YES)
	at org.Norbert.lista5.SimpleRetrieverTest.listOfGamesRetrievalTest(SimpleRetrieverTest.java:19)
Caused by: org.springframework.jdbc.CannotGetJdbcConnectionException: Could not get JDBC Connection; nested exception is java.sql.SQLInvalidAuthorizationSpecException: Could not connect: Access denied for user 'admin'@'localhost' (using password: YES)
	at org.Norbert.lista5.SimpleRetrieverTest.listOfGamesRetrievalTest(SimpleRetrieverTest.java:19)
Caused by: java.sql.SQLInvalidAuthorizationSpecException: Could not connect: Access denied for user 'admin'@'localhost' (using password: YES)
	at org.Norbert.lista5.SimpleRetrieverTest.listOfGamesRetrievalTest(SimpleRetrieverTest.java:19)
Caused by: org.mariadb.jdbc.internal.util.dao.QueryException: Could not connect: Access denied for user 'admin'@'localhost' (using password: YES)
	at org.Norbert.lista5.SimpleRetrieverTest.listOfGamesRetrievalTest(SimpleRetrieverTest.java:19)

