<?xml version="1.0" encoding="UTF-8"?>
<testsuite xmlns:xsi="http://www.w3.org/2001/XMLSchema-instance" xsi:noNamespaceSchemaLocation="https://maven.apache.org/surefire/maven-surefire-plugin/xsd/surefire-test-report.xsd" name="org.Norbert.lista5.SimpleRetrieverTest" time="2.521" tests="3" errors="2" skipped="0" failures="0">
  <properties>
[...]
</properties>
  <testcase name="reflectionTest" classname="org.Norbert.lista5.SimpleRetrieverTest" time="0"/>
  <testcase name="gameRetrievalTest" classname="org.Norbert.lista5.SimpleRetrieverTest" time="2.492">
    <error message="Error retrieving database metadata; nested exception is org.springframework.jdbc.support.MetaDataAccessException: Could not get Connection for extracting meta data; nested exception is org.springframework.jdbc.CannotGetJdbcConnectionException: Could not get JDBC Connection; nested exception is java.sql.SQLInvalidAuthorizationSpecException: Could not connect: Access denied for user &apos;admin&apos;@&apos;localhost&apos; (using password: YES)" type="org.springframework.dao.DataAccessResourceFailureException">org.springframework.dao.DataAccessResourceFailureException: Error retrieving database metadata; nested exception is org.springframework.jdbc.support.MetaDataAccessException: Could not get Connection for extracting meta data; nested exception is org.springframework.jdbc.CannotGetJdbcConnectionException: Could not get JDBC Connection; nested exception is java.sql.SQLInvalidAuthorizationSpecException: Could not connect: Access denied for user 'admin'@'localhost' (using password: YES)
	at org.Norbert.lista5.SimpleRetrieverTest.gameRetrievalTest(SimpleRetrieverTest.java:29)
Caused by: org.springframework.jdbc.support.MetaDataAccessException: Could not get Connection for extracting meta data; nested exception is org.springframework.jdbc.CannotGetJdbcConnectionException: Could not get JDBC Connection; nested exception is java.sql.SQLInvalidAuthorizationSpecException: Could not connect: Access denied for user 'admin'@'localhost' (using password: YES)
	at org.Norbert.lista5.SimpleRetrieverTest.gameRetrievalTest(SimpleRetrieverTest.java:29)
Caused by: org.springframework.jdbc.CannotGetJdbcConnectionException: Could not get JDBC Connection; nested exception is java.sql.SQLInvalidAuthorizationSpecException: Could not connect: Access denied for user 'admin'@'localhost' (using password: YES)
	at org.Norbert.lista5.SimpleRetrieverTest.gameRetrievalTest(SimpleRetrieverTest.java:29)
Caused by: java.sql.SQLInvalidAuthorizationSpecException: Could not connect: Access denied for user 'admin'@'localhost' (using password: YES)
	at org.Norbert.lista5.SimpleRetrieverTest.gameRetrievalTest(SimpleRetrieverTest.java:29)
Caused by: org.mariadb.jdbc.internal.util.dao.QueryException: Could not connect: Access denied for user 'admin'@'localhost' (using password: YES)
	at org.Norbert.lista5.SimpleRetrieverTest.gameRetrievalTest(SimpleRetrieverTest.java:29)
</error>
    <system-out><![CDATA[Exited normally
exited normally
]]></system-out>
    <system-err><![CDATA[lut 18, 2022 3:37:51 PM org.springframework.context.support.ClassPathXmlApplicationContext prepareRefresh
INFO: Refreshing org.springframework.context.support.ClassPathXmlApplicationContext@3f6b0be5: startup date [Fri Feb 18 15:37:51 CET 2022]; root of context hierarchy
lut 18, 2022 3:37:51 PM org.springframework.beans.factory.xml.XmlBeanDefinitionReader loadBeanDefinitions
INFO: Loading XML bean definitions from class path resource [Beans.xml]
lut 18, 2022 3:37:53 PM org.springframework.jdbc.datasource.DriverManagerDataSource setDriverClassName
INFO: Loaded JDBC driver: org.mariadb.jdbc.Driver
]]></system-err>
  </testcase>
  <testcase name="listOfGamesRetrievalTest" classname="org.Norbert.lista5.SimpleRetrieverTest" time="0.029">
    <error message="Error retrieving database metadata; nested exception is org.springframework.jdbc.support.MetaDataAccessException: Could not get Connection for extracting meta data; nested exception is org.springframework.jdbc.CannotGetJdbcConnectionException: Could not get JDBC Connection; nested exception is java.sql.SQLInvalidAuthorizationSpecException: Could not connect: Access denied for user &apos;admin&apos;@&apos;localhost&apos; (using password: YES)" type="org.springframework.dao.DataAccessResourceFailureException">org.springframework.dao.DataAccessResourceFailureException: Error retrieving database metadata; nested exception is org.springframework.jdbc.support.MetaDataAccessException: Could not get Connection for extracting meta data; nested exception is org.springframework.jdbc.CannotGetJdbcConnectionException: Could not get JDBC Connection; nested exception is java.sql.SQLInvalidAuthorizationSpecException: Could not connect: Access denied for user 'admin'@'localhost' (using password: YES)
	at org.Norbert.lista5.SimpleRetrieverTest.listOfGamesRetrievalTest(SimpleRetrieverTest.java:19)
Caused by: org.springframework.jdbc.support.MetaDataAccessException: Could not get Connection for extracting meta data; nested exception is org.springframework.jdbc.CannotGetJdbcConnectionException: Could not get JDBC Connection; nested exception is java.sql.SQLInvalidAuthorizationSpecException: Could not connect: Access denied for user 'admin'@'localhost' (using password: YES)
	at org.Norbert.lista5.SimpleRetrieverTest.listOfGamesRetrievalTest(SimpleRetrieverTest.java:19)
Caused by: org.springframework.jdbc.CannotGetJdbcConnectionException: Could not get JDBC Connection; nested exception is java.sql.SQLInvalidAuthorizationSpecException: Could not connect: Access denied for user 'admin'@'localhost' (using password: YES)
	at org.Norbert.lista5.SimpleRetrieverTest.listOfGamesRetrievalTest(SimpleRetrieverTest.java:19)
Caused by: java.sql.SQLInvalidAuthorizationSpecException: Could not connect: Access denied for user 'admin'@'localhost' (using password: YES)
	at org.Norbert.lista5.SimpleRetrieverTest.listOfGamesRetrievalTest(SimpleRetrieverTest.java:19)
Caused by: org.mariadb.jdbc.internal.util.dao.QueryException: Could not connect: Access denied for user 'admin'@'localhost' (using password: YES)
	at org.Norbert.lista5.SimpleRetrieverTest.listOfGamesRetrievalTest(SimpleRetrieverTest.java:19)
</error>
    <system-err><![CDATA[lut 18, 2022 3:37:53 PM org.springframework.context.support.ClassPathXmlApplicationContext prepareRefresh
INFO: Refreshing org.springframework.context.support.ClassPathXmlApplicationContext@20b12f8a: startup date [Fri Feb 18 15:37:53 CET 2022]; root of context hierarchy
lut 18, 2022 3:37:53 PM org.springframework.beans.factory.xml.XmlBeanDefinitionReader loadBeanDefinitions
INFO: Loading XML bean definitions from class path resource [Beans.xml]
lut 18, 2022 3:37:53 PM org.springframework.jdbc.datasource.DriverManagerDataSource setDriverClassName
INFO: Loaded JDBC driver: org.mariadb.jdbc.Driver
]]></system-err>
  </testcase>
</testsuite>