<?xml version="1.0" encoding="UTF-8"?>
<testsuite xmlns:xsi="http://www.w3.org/2001/XMLSchema-instance" xsi:noNamespaceSchemaLocation="https://maven.apache.org/surefire/maven-surefire-plugin/xsd/surefire-test-report.xsd" name="org.IgorNorbert.lista4.PlayerTest" time="0.022" tests="5" errors="5" skipped="0" failures="0">
  <properties>
[...]
</properties>
  <testcase name="testGetPlayerArray" classname="org.IgorNorbert.lista4.PlayerTest" time="0.012">
    <error message="org/IgorNorbert/lista4/AllSeatsTakenException" type="java.lang.NoClassDefFoundError">java.lang.NoClassDefFoundError: org/IgorNorbert/lista4/AllSeatsTakenException
	at org.IgorNorbert.lista4.PlayerTest.testGetPlayerArray(PlayerTest.java:105)
Caused by: java.lang.ClassNotFoundException: org.IgorNorbert.lista4.AllSeatsTakenException
	at org.IgorNorbert.lista4.PlayerTest.testGetPlayerArray(PlayerTest.java:105)
</error>
    <system-err><![CDATA[	at java.base/java.net.ServerSocket.<init>(ServerSocket.java:274)
	at java.base/java.net.ServerSocket.<init>(ServerSocket.java:167)
	at org.IgorNorbert.lista4.SimpleNetProtocolTest.lambda$creationTest$0(SimpleNetProtocolTest.java:19)
	at java.base/java.lang.Thread.run(Thread.java:833)
Exception in thread "Thread-2" org.opentest4j.AssertionFailedError: Thread 1 fail
	at org.junit.jupiter.api.AssertionUtils.fail(AssertionUtils.java:39)
	at org.junit.jupiter.api.Assertions.fail(Assertions.java:134)
	at org.IgorNorbert.lista4.SimpleNetProtocolTest.lambda$creationTest$0(SimpleNetProtocolTest.java:32)
	at java.base/java.lang.Thread.run(Thread.java:833)
]]></system-err>
  </testcase>
  <testcase name="updateLobbyList" classname="org.IgorNorbert.lista4.PlayerTest" time="0.001">
    <error message="org/IgorNorbert/lista4/NotThisPlayerTurnException" type="java.lang.NoClassDefFoundError">java.lang.NoClassDefFoundError: org/IgorNorbert/lista4/NotThisPlayerTurnException
	at org.IgorNorbert.lista4.PlayerTest.updateLobbyList(PlayerTest.java:141)
Caused by: java.lang.ClassNotFoundException: org.IgorNorbert.lista4.NotThisPlayerTurnException
	at org.IgorNorbert.lista4.PlayerTest.updateLobbyList(PlayerTest.java:141)
</error>
  </testcase>
  <testcase name="setReadyTest" classname="org.IgorNorbert.lista4.PlayerTest" time="0.002">
    <error message="org/IgorNorbert/lista4/AllSeatsTakenException" type="java.lang.NoClassDefFoundError">java.lang.NoClassDefFoundError: org/IgorNorbert/lista4/AllSeatsTakenException
	at org.IgorNorbert.lista4.PlayerTest.setReadyTest(PlayerTest.java:44)
Caused by: java.lang.ClassNotFoundException: org.IgorNorbert.lista4.AllSeatsTakenException
	at org.IgorNorbert.lista4.PlayerTest.setReadyTest(PlayerTest.java:44)
</error>
  </testcase>
  <testcase name="joinLobbyTest" classname="org.IgorNorbert.lista4.PlayerTest" time="0.003">
    <error message="org/IgorNorbert/lista4/AllSeatsTakenException" type="java.lang.NoClassDefFoundError">java.lang.NoClassDefFoundError: org/IgorNorbert/lista4/AllSeatsTakenException
	at org.IgorNorbert.lista4.PlayerTest.joinLobbyTest(PlayerTest.java:15)
Caused by: java.lang.ClassNotFoundException: org.IgorNorbert.lista4.AllSeatsTakenException
	at org.IgorNorbert.lista4.PlayerTest.joinLobbyTest(PlayerTest.java:15)
</error>
  </testcase>
  <testcase name="leaveTest" classname="org.IgorNorbert.lista4.PlayerTest" time="0.001">
    <error message="org/IgorNorbert/lista4/AllSeatsTakenException" type="java.lang.NoClassDefFoundError">java.lang.NoClassDefFoundError: org/IgorNorbert/lista4/AllSeatsTakenException
	at org.IgorNorbert.lista4.PlayerTest.leaveTest(PlayerTest.java:80)
Caused by: java.lang.ClassNotFoundException: org.IgorNorbert.lista4.AllSeatsTakenException
	at org.IgorNorbert.lista4.PlayerTest.leaveTest(PlayerTest.java:80)
</error>
  </testcase>
</testsuite>