<?xml version="1.0" encoding="UTF-8"?>
<testsuite xmlns:xsi="http://www.w3.org/2001/XMLSchema-instance" xsi:noNamespaceSchemaLocation="https://maven.apache.org/surefire/maven-surefire-plugin/xsd/surefire-test-report.xsd" name="org.Norbert.lista5.SimpleLoggerTest" time="0.294" tests="1" errors="1" skipped="0" failures="0">
  <properties>
[...]
</properties>
  <testcase name="commitTest" classname="org.Norbert.lista5.SimpleLoggerTest" time="0.294">
    <error message="Error retrieving database metadata; nested exception is org.springframework.jdbc.support.MetaDataAccessException: Could not get Connection for extracting meta data; nested exception is org.springframework.jdbc.CannotGetJdbcConnectionException: Could not get JDBC Connection; nested exception is java.sql.SQLInvalidAuthorizationSpecException: Could not connect: Access denied for user &apos;admin&apos;@&apos;localhost&apos; (using password: YES)" type="org.springframework.dao.DataAccessResourceFailureException">org.springframework.dao.DataAccessResourceFailureException: Error retrieving database metadata; nested exception is org.springframework.jdbc.support.MetaDataAccessException: Could not get Connection for extracting meta data; nested exception is org.springframework.jdbc.CannotGetJdbcConnectionException: Could not get JDBC Connection; nested exception is java.sql.SQLInvalidAuthorizationSpecException: Could not connect: Access denied for user 'admin'@'localhost' (using password: YES)
	at org.Norbert.lista5.SimpleLoggerTest.commitTest(SimpleLoggerTest.java:20)
Caused by: org.springframework.jdbc.support.MetaDataAccessException: Could not get Connection for extracting meta data; nested exception is org.springframework.jdbc.CannotGetJdbcConnectionException: Could not get JDBC Connection; nested exception is java.sql.SQLInvalidAuthorizationSpecException: Could not connect: Access denied for user 'admin'@'localhost' (using password: YES)
	at org.Norbert.lista5.SimpleLoggerTest.commitTest(SimpleLoggerTest.java:20)
Caused by: org.springframework.jdbc.CannotGetJdbcConnectionException: Could not get JDBC Connection; nested exception is java.sql.SQLInvalidAuthorizationSpecException: Could not connect: Access denied for user 'admin'@'localhost' (using password: YES)
	at org.Norbert.lista5.SimpleLoggerTest.commitTest(SimpleLoggerTest.java:20)
Caused by: java.sql.SQLInvalidAuthorizationSpecException: Could not connect: Access denied for user 'admin'@'localhost' (using password: YES)
	at org.Norbert.lista5.SimpleLoggerTest.commitTest(SimpleLoggerTest.java:20)
Caused by: org.mariadb.jdbc.internal.util.dao.QueryException: Could not connect: Access denied for user 'admin'@'localhost' (using password: YES)
	at org.Norbert.lista5.SimpleLoggerTest.commitTest(SimpleLoggerTest.java:20)
</error>
    <system-err><![CDATA[java.net.ConnectException: Połączenie odrzucone
	at java.base/sun.nio.ch.Net.connect0(Native Method)
	at java.base/sun.nio.ch.Net.connect(Net.java:579)
	at java.base/sun.nio.ch.Net.connect(Net.java:568)
	at java.base/sun.nio.ch.NioSocketImpl.connect(NioSocketImpl.java:588)
	at java.base/java.net.SocksSocketImpl.connect(SocksSocketImpl.java:327)
	at java.base/java.net.Socket.connect(Socket.java:633)
	at java.base/java.net.Socket.connect(Socket.java:583)
	at java.base/java.net.Socket.<init>(Socket.java:507)
	at java.base/java.net.Socket.<init>(Socket.java:287)
	at org.Norbert.lista5.SimpleNetProtocolTest.lambda$creationTest$1(SimpleNetProtocolTest.java:41)
	at java.base/java.lang.Thread.run(Thread.java:833)
Exception in thread "Thread-1" org.opentest4j.AssertionFailedError: Thread 2 fail
	at org.junit.jupiter.api.AssertionUtils.fail(AssertionUtils.java:39)
	at org.junit.jupiter.api.Assertions.fail(Assertions.java:134)
	at org.Norbert.lista5.SimpleNetProtocolTest.lambda$creationTest$1(SimpleNetProtocolTest.java:55)
	at java.base/java.lang.Thread.run(Thread.java:833)
lut 18, 2022 3:39:54 PM org.springframework.context.support.ClassPathXmlApplicationContext prepareRefresh
INFO: Refreshing org.springframework.context.support.ClassPathXmlApplicationContext@35aea049: startup date [Fri Feb 18 15:39:54 CET 2022]; root of context hierarchy
lut 18, 2022 3:39:54 PM org.springframework.beans.factory.xml.XmlBeanDefinitionReader loadBeanDefinitions
INFO: Loading XML bean definitions from class path resource [Beans.xml]
lut 18, 2022 3:39:54 PM org.springframework.jdbc.datasource.DriverManagerDataSource setDriverClassName
INFO: Loaded JDBC driver: org.mariadb.jdbc.Driver
]]></system-err>
  </testcase>
</testsuite>